  PluginProcessor.cpp
C:\Users\vleen\Documents\GitHub\JUCE Projects\SynthBasic\Source\SynthVoice.h(21,103): warning C4100: 'currentPitchWheelPosition': unreferenced formal parameter
C:\Users\vleen\Documents\GitHub\JUCE Projects\SynthBasic\Source\SynthVoice.h(21,92): warning C4100: 'sound': unreferenced formal parameter
C:\Users\vleen\Documents\GitHub\JUCE Projects\SynthBasic\Source\SynthVoice.h(21,58): warning C4100: 'velocity': unreferenced formal parameter
C:\Users\vleen\Documents\GitHub\JUCE Projects\SynthBasic\Source\SynthVoice.h(21,36): warning C4100: 'midiNoteNumber': unreferenced formal parameter
C:\Users\vleen\Documents\GitHub\JUCE Projects\SynthBasic\Source\SynthVoice.h(26,52): warning C4100: 'allowTailOff': unreferenced formal parameter
C:\Users\vleen\Documents\GitHub\JUCE Projects\SynthBasic\Source\SynthVoice.h(26,37): warning C4100: 'velocity': unreferenced formal parameter
C:\Users\vleen\Documents\GitHub\JUCE Projects\SynthBasic\Source\SynthVoice.h(30,42): warning C4100: 'newPitchWheelValue': unreferenced formal parameter
C:\Users\vleen\Documents\GitHub\JUCE Projects\SynthBasic\Source\SynthVoice.h(34,64): warning C4100: 'newControllerValue': unreferenced formal parameter
C:\Users\vleen\Documents\GitHub\JUCE Projects\SynthBasic\Source\SynthVoice.h(34,42): warning C4100: 'controllerNumber': unreferenced formal parameter
C:\Users\vleen\Documents\GitHub\JUCE Projects\SynthBasic\Source\SynthVoice.h(38,101): warning C4100: 'numSamples': unreferenced formal parameter
C:\Users\vleen\Documents\GitHub\JUCE Projects\SynthBasic\Source\SynthVoice.h(38,84): warning C4100: 'startSample': unreferenced formal parameter
C:\Users\vleen\Documents\GitHub\JUCE Projects\SynthBasic\Source\SynthVoice.h(38,66): warning C4100: 'outputBuffer': unreferenced formal parameter
C:\Users\vleen\Documents\GitHub\JUCE Projects\SynthBasic\Source\PluginProcessor.cpp(84,55): warning C4100: 'index': unreferenced formal parameter
C:\Users\vleen\Documents\GitHub\JUCE Projects\SynthBasic\Source\PluginProcessor.cpp(88,66): warning C4100: 'index': unreferenced formal parameter
C:\Users\vleen\Documents\GitHub\JUCE Projects\SynthBasic\Source\PluginProcessor.cpp(93,82): warning C4100: 'newName': unreferenced formal parameter
C:\Users\vleen\Documents\GitHub\JUCE Projects\SynthBasic\Source\PluginProcessor.cpp(93,55): warning C4100: 'index': unreferenced formal parameter
C:\Users\vleen\Documents\GitHub\JUCE Projects\SynthBasic\Source\PluginProcessor.cpp(98,70): warning C4100: 'samplesPerBlock': unreferenced formal parameter
C:\Users\vleen\Documents\GitHub\JUCE Projects\SynthBasic\Source\PluginProcessor.cpp(180,72): warning C4100: 'destData': unreferenced formal parameter
C:\Users\vleen\Documents\GitHub\JUCE Projects\SynthBasic\Source\PluginProcessor.cpp(187,75): warning C4100: 'sizeInBytes': unreferenced formal parameter
C:\Users\vleen\Documents\GitHub\JUCE Projects\SynthBasic\Source\PluginProcessor.cpp(187,65): warning C4100: 'data': unreferenced formal parameter
  SynthBasic_SharedCode.vcxproj -> C:\Users\vleen\Documents\GitHub\JUCE Projects\SynthBasic\Builds\VisualStudio2019\x64\Debug\Shared Code\SynthBasic.lib
